Build started 2015/2/7 14:29:59.
     1>Project "D:\code2\ejoy2dx\platform\msvc\build\zlib\zlib-1.2.7-win32.vcxproj" on node 2 (Build target(s)).
     1>C:\Program Files (x86)\MSBuild\Microsoft.Cpp\v4.0\V110\Microsoft.CppBuild.targets(345,5): warning MSB8004: Intermediate Directory does not end with a trailing slash.  This build instance will add the slash as it is required to allow proper evaluation of the Intermediate Directory.
     1>C:\Program Files (x86)\MSBuild\Microsoft.Cpp\v4.0\V110\Microsoft.CppBuild.targets(1137,5): warning MSB8012: TargetPath(D:\code2\ejoy2dx\project\sdll\platform\msvc\build\..\lib\Debug\zlib.dll) does not match the Linker's OutputFile property value (D:\code2\ejoy2dx\project\sdll\platform\msvc\output\Debug\zlib.dll). This may cause your project to build incorrectly. To correct this, please make sure that $(OutDir), $(TargetName) and $(TargetExt) property values match the value specified in %(Link.OutputFile).
     1>Link:
         C:\Program Files (x86)\Microsoft Visual Studio 11.0\VC\bin\link.exe /ERRORREPORT:PROMPT /OUT:"D:\code2\ejoy2dx\project\sdll\platform\msvc\build\..\output\Debug\zlib.dll" /INCREMENTAL /NOLOGO kernel32.lib user32.lib gdi32.lib winspool.lib comdlg32.lib advapi32.lib shell32.lib ole32.lib oleaut32.lib uuid.lib odbc32.lib odbccp32.lib /DEF:"/win32/zlib.def" /MANIFEST /MANIFESTUAC:"level='asInvoker' uiAccess='false'" /manifest:embed /DEBUG /PDB:"D:\code2\ejoy2dx\project\sdll\platform\msvc\build\..\lib\Debug\zlib.pdb" /SUBSYSTEM:WINDOWS /TLBID:1 /DYNAMICBASE /NXCOMPAT /IMPLIB:"D:\code2\ejoy2dx\project\sdll\platform\msvc\build\..\lib\Debug\zlib.lib" /MACHINE:X86 /DLL "D:\code2\ejoy2dx\project\sdll\platform\msvc\build\..\obj\Debug\\zlib-1.2.7-win32\adler32.obj"
         "D:\code2\ejoy2dx\project\sdll\platform\msvc\build\..\obj\Debug\\zlib-1.2.7-win32\compress.obj"
         "D:\code2\ejoy2dx\project\sdll\platform\msvc\build\..\obj\Debug\\zlib-1.2.7-win32\crc32.obj"
         "D:\code2\ejoy2dx\project\sdll\platform\msvc\build\..\obj\Debug\\zlib-1.2.7-win32\deflate.obj"
         "D:\code2\ejoy2dx\project\sdll\platform\msvc\build\..\obj\Debug\\zlib-1.2.7-win32\gzclose.obj"
         "D:\code2\ejoy2dx\project\sdll\platform\msvc\build\..\obj\Debug\\zlib-1.2.7-win32\gzlib.obj"
         "D:\code2\ejoy2dx\project\sdll\platform\msvc\build\..\obj\Debug\\zlib-1.2.7-win32\gzread.obj"
         "D:\code2\ejoy2dx\project\sdll\platform\msvc\build\..\obj\Debug\\zlib-1.2.7-win32\gzwrite.obj"
         "D:\code2\ejoy2dx\project\sdll\platform\msvc\build\..\obj\Debug\\zlib-1.2.7-win32\infback.obj"
         "D:\code2\ejoy2dx\project\sdll\platform\msvc\build\..\obj\Debug\\zlib-1.2.7-win32\inffast.obj"
         "D:\code2\ejoy2dx\project\sdll\platform\msvc\build\..\obj\Debug\\zlib-1.2.7-win32\inflate.obj"
         "D:\code2\ejoy2dx\project\sdll\platform\msvc\build\..\obj\Debug\\zlib-1.2.7-win32\inftrees.obj"
         "D:\code2\ejoy2dx\project\sdll\platform\msvc\build\..\obj\Debug\\zlib-1.2.7-win32\trees.obj"
         "D:\code2\ejoy2dx\project\sdll\platform\msvc\build\..\obj\Debug\\zlib-1.2.7-win32\uncompr.obj"
         "D:\code2\ejoy2dx\project\sdll\platform\msvc\build\..\obj\Debug\\zlib-1.2.7-win32\zutil.obj"
     1>LINK : fatal error LNK1104: cannot open file '/win32/zlib.def'
     1>Done Building Project "D:\code2\ejoy2dx\platform\msvc\build\zlib\zlib-1.2.7-win32.vcxproj" (Build target(s)) -- FAILED.

Build FAILED.

Time Elapsed 00:00:00.06
